<?xml version="1.0" encoding="UTF-8"?>
<testsuite xmlns:xsi="http://www.w3.org/2001/XMLSchema-instance" xsi:noNamespaceSchemaLocation="https://maven.apache.org/surefire/maven-surefire-plugin/xsd/surefire-test-report.xsd" version="3.0.1" name="TestSuite" time="57.819" tests="1" errors="0" skipped="0" failures="0">
  <properties>
    <property name="sun.desktop" value="windows"/>
    <property name="awt.toolkit" value="sun.awt.windows.WToolkit"/>
    <property name="java.specification.version" value="11"/>
    <property name="webdriver.chrome.driver" value="C:\Users\sr231\.cache\selenium\chromedriver\win64\140.0.7339.185\chromedriver.exe"/>
    <property name="sun.cpu.isalist" value="amd64"/>
    <property name="sun.jnu.encoding" value="Cp1252"/>
    <property name="java.class.path" value="C:\Users\sr231\eclipseWorkspace\eclipseWorkspace\SeleniumPracticeFramework\target\test-classes;C:\Users\sr231\eclipseWorkspace\eclipseWorkspace\SeleniumPracticeFramework\target\classes;C:\Users\sr231\.m2\repo1\m3-3.9.6\org\apache\maven\plugins\maven-install-plugin\2.4\maven-install-plugin-2.4.jar;C:\Users\sr231\.m2\repo1\m3-3.9.6\org\apache\maven\maven-plugin-api\2.0.6\maven-plugin-api-2.0.6.jar;C:\Users\sr231\.m2\repo1\m3-3.9.6\org\apache\maven\maven-project\2.0.6\maven-project-2.0.6.jar;C:\Users\sr231\.m2\repo1\m3-3.9.6\org\apache\maven\maven-settings\2.0.6\maven-settings-2.0.6.jar;C:\Users\sr231\.m2\repo1\m3-3.9.6\org\apache\maven\maven-profile\2.0.6\maven-profile-2.0.6.jar;C:\Users\sr231\.m2\repo1\m3-3.9.6\org\apache\maven\maven-plugin-registry\2.0.6\maven-plugin-registry-2.0.6.jar;C:\Users\sr231\.m2\repo1\m3-3.9.6\org\codehaus\plexus\plexus-container-default\1.0-alpha-9-stable-1\plexus-container-default-1.0-alpha-9-stable-1.jar;C:\Users\sr231\.m2\repo1\m3-3.9.6\junit\junit\3.8.1\junit-3.8.1.jar;C:\Users\sr231\.m2\repo1\m3-3.9.6\classworlds\classworlds\1.1-alpha-2\classworlds-1.1-alpha-2.jar;C:\Users\sr231\.m2\repo1\m3-3.9.6\org\apache\maven\maven-model\2.0.6\maven-model-2.0.6.jar;C:\Users\sr231\.m2\repo1\m3-3.9.6\org\apache\maven\maven-artifact-manager\2.0.6\maven-artifact-manager-2.0.6.jar;C:\Users\sr231\.m2\repo1\m3-3.9.6\org\apache\maven\maven-repository-metadata\2.0.6\maven-repository-metadata-2.0.6.jar;C:\Users\sr231\.m2\repo1\m3-3.9.6\org\apache\maven\wagon\wagon-provider-api\1.0-beta-2\wagon-provider-api-1.0-beta-2.jar;C:\Users\sr231\.m2\repo1\m3-3.9.6\org\apache\maven\maven-artifact\2.0.6\maven-artifact-2.0.6.jar;C:\Users\sr231\.m2\repo1\m3-3.9.6\org\codehaus\plexus\plexus-utils\3.0.5\plexus-utils-3.0.5.jar;C:\Users\sr231\.m2\repo1\m3-3.9.6\org\codehaus\plexus\plexus-digest\1.0\plexus-digest-1.0.jar;C:\Users\sr231\.m2\repo1\m3-3.9.6\org\apache\maven\plugins\maven-deploy-plugin\2.7\maven-deploy-plugin-2.7.jar;C:\Users\sr231\.m2\repo1\m3-3.9.6\org\projectlombok\lombok\1.18.32\lombok-1.18.32.jar;C:\Users\sr231\.m2\repo1\m3-3.9.6\org\seleniumhq\selenium\selenium-java\4.21.0\selenium-java-4.21.0.jar;C:\Users\sr231\.m2\repo1\m3-3.9.6\org\seleniumhq\selenium\selenium-api\4.21.0\selenium-api-4.21.0.jar;C:\Users\sr231\.m2\repo1\m3-3.9.6\org\seleniumhq\selenium\selenium-chrome-driver\4.21.0\selenium-chrome-driver-4.21.0.jar;C:\Users\sr231\.m2\repo1\m3-3.9.6\com\google\auto\service\auto-service-annotations\1.1.1\auto-service-annotations-1.1.1.jar;C:\Users\sr231\.m2\repo1\m3-3.9.6\org\seleniumhq\selenium\selenium-chromium-driver\4.21.0\selenium-chromium-driver-4.21.0.jar;C:\Users\sr231\.m2\repo1\m3-3.9.6\org\seleniumhq\selenium\selenium-json\4.21.0\selenium-json-4.21.0.jar;C:\Users\sr231\.m2\repo1\m3-3.9.6\org\seleniumhq\selenium\selenium-manager\4.21.0\selenium-manager-4.21.0.jar;C:\Users\sr231\.m2\repo1\m3-3.9.6\org\seleniumhq\selenium\selenium-devtools-v123\4.21.0\selenium-devtools-v123-4.21.0.jar;C:\Users\sr231\.m2\repo1\m3-3.9.6\org\seleniumhq\selenium\selenium-devtools-v124\4.21.0\selenium-devtools-v124-4.21.0.jar;C:\Users\sr231\.m2\repo1\m3-3.9.6\org\seleniumhq\selenium\selenium-devtools-v125\4.21.0\selenium-devtools-v125-4.21.0.jar;C:\Users\sr231\.m2\repo1\m3-3.9.6\org\seleniumhq\selenium\selenium-devtools-v85\4.21.0\selenium-devtools-v85-4.21.0.jar;C:\Users\sr231\.m2\repo1\m3-3.9.6\org\seleniumhq\selenium\selenium-edge-driver\4.21.0\selenium-edge-driver-4.21.0.jar;C:\Users\sr231\.m2\repo1\m3-3.9.6\org\seleniumhq\selenium\selenium-firefox-driver\4.21.0\selenium-firefox-driver-4.21.0.jar;C:\Users\sr231\.m2\repo1\m3-3.9.6\org\seleniumhq\selenium\selenium-http\4.21.0\selenium-http-4.21.0.jar;C:\Users\sr231\.m2\repo1\m3-3.9.6\dev\failsafe\failsafe\3.3.2\failsafe-3.3.2.jar;C:\Users\sr231\.m2\repo1\m3-3.9.6\org\seleniumhq\selenium\selenium-ie-driver\4.21.0\selenium-ie-driver-4.21.0.jar;C:\Users\sr231\.m2\repo1\m3-3.9.6\org\seleniumhq\selenium\selenium-remote-driver\4.21.0\selenium-remote-driver-4.21.0.jar;C:\Users\sr231\.m2\repo1\m3-3.9.6\com\google\guava\guava\33.2.0-jre\guava-33.2.0-jre.jar;C:\Users\sr231\.m2\repo1\m3-3.9.6\com\google\guava\failureaccess\1.0.2\failureaccess-1.0.2.jar;C:\Users\sr231\.m2\repo1\m3-3.9.6\com\google\guava\listenablefuture\9999.0-empty-to-avoid-conflict-with-guava\listenablefuture-9999.0-empty-to-avoid-conflict-with-guava.jar;C:\Users\sr231\.m2\repo1\m3-3.9.6\com\google\code\findbugs\jsr305\3.0.2\jsr305-3.0.2.jar;C:\Users\sr231\.m2\repo1\m3-3.9.6\org\checkerframework\checker-qual\3.42.0\checker-qual-3.42.0.jar;C:\Users\sr231\.m2\repo1\m3-3.9.6\com\google\errorprone\error_prone_annotations\2.26.1\error_prone_annotations-2.26.1.jar;C:\Users\sr231\.m2\repo1\m3-3.9.6\com\google\j2objc\j2objc-annotations\3.0.0\j2objc-annotations-3.0.0.jar;C:\Users\sr231\.m2\repo1\m3-3.9.6\io\opentelemetry\semconv\opentelemetry-semconv\1.25.0-alpha\opentelemetry-semconv-1.25.0-alpha.jar;C:\Users\sr231\.m2\repo1\m3-3.9.6\io\opentelemetry\opentelemetry-api\1.38.0\opentelemetry-api-1.38.0.jar;C:\Users\sr231\.m2\repo1\m3-3.9.6\io\opentelemetry\opentelemetry-context\1.38.0\opentelemetry-context-1.38.0.jar;C:\Users\sr231\.m2\repo1\m3-3.9.6\io\opentelemetry\opentelemetry-exporter-logging\1.38.0\opentelemetry-exporter-logging-1.38.0.jar;C:\Users\sr231\.m2\repo1\m3-3.9.6\io\opentelemetry\opentelemetry-sdk-common\1.38.0\opentelemetry-sdk-common-1.38.0.jar;C:\Users\sr231\.m2\repo1\m3-3.9.6\io\opentelemetry\opentelemetry-sdk-extension-autoconfigure-spi\1.38.0\opentelemetry-sdk-extension-autoconfigure-spi-1.38.0.jar;C:\Users\sr231\.m2\repo1\m3-3.9.6\io\opentelemetry\opentelemetry-sdk-extension-autoconfigure\1.38.0\opentelemetry-sdk-extension-autoconfigure-1.38.0.jar;C:\Users\sr231\.m2\repo1\m3-3.9.6\io\opentelemetry\opentelemetry-api-incubator\1.38.0-alpha\opentelemetry-api-incubator-1.38.0-alpha.jar;C:\Users\sr231\.m2\repo1\m3-3.9.6\io\opentelemetry\opentelemetry-sdk-trace\1.38.0\opentelemetry-sdk-trace-1.38.0.jar;C:\Users\sr231\.m2\repo1\m3-3.9.6\io\opentelemetry\opentelemetry-sdk\1.38.0\opentelemetry-sdk-1.38.0.jar;C:\Users\sr231\.m2\repo1\m3-3.9.6\io\opentelemetry\opentelemetry-sdk-metrics\1.38.0\opentelemetry-sdk-metrics-1.38.0.jar;C:\Users\sr231\.m2\repo1\m3-3.9.6\io\opentelemetry\opentelemetry-sdk-logs\1.38.0\opentelemetry-sdk-logs-1.38.0.jar;C:\Users\sr231\.m2\repo1\m3-3.9.6\net\bytebuddy\byte-buddy\1.14.15\byte-buddy-1.14.15.jar;C:\Users\sr231\.m2\repo1\m3-3.9.6\org\seleniumhq\selenium\selenium-os\4.21.0\selenium-os-4.21.0.jar;C:\Users\sr231\.m2\repo1\m3-3.9.6\org\apache\commons\commons-exec\1.4.0\commons-exec-1.4.0.jar;C:\Users\sr231\.m2\repo1\m3-3.9.6\org\seleniumhq\selenium\selenium-safari-driver\4.21.0\selenium-safari-driver-4.21.0.jar;C:\Users\sr231\.m2\repo1\m3-3.9.6\org\seleniumhq\selenium\selenium-support\4.21.0\selenium-support-4.21.0.jar;C:\Users\sr231\.m2\repo1\m3-3.9.6\org\testng\testng\7.9.0\testng-7.9.0.jar;C:\Users\sr231\.m2\repo1\m3-3.9.6\org\slf4j\slf4j-api\1.7.36\slf4j-api-1.7.36.jar;C:\Users\sr231\.m2\repo1\m3-3.9.6\com\beust\jcommander\1.82\jcommander-1.82.jar;C:\Users\sr231\.m2\repo1\m3-3.9.6\org\webjars\jquery\3.7.1\jquery-3.7.1.jar;C:\Users\sr231\.m2\repo1\m3-3.9.6\org\apache\poi\poi\5.2.2\poi-5.2.2.jar;C:\Users\sr231\.m2\repo1\m3-3.9.6\commons-codec\commons-codec\1.15\commons-codec-1.15.jar;C:\Users\sr231\.m2\repo1\m3-3.9.6\org\apache\commons\commons-collections4\4.4\commons-collections4-4.4.jar;C:\Users\sr231\.m2\repo1\m3-3.9.6\org\apache\commons\commons-math3\3.6.1\commons-math3-3.6.1.jar;C:\Users\sr231\.m2\repo1\m3-3.9.6\com\zaxxer\SparseBitSet\1.2\SparseBitSet-1.2.jar;C:\Users\sr231\.m2\repo1\m3-3.9.6\org\apache\logging\log4j\log4j-api\2.17.2\log4j-api-2.17.2.jar;C:\Users\sr231\.m2\repo1\m3-3.9.6\com\aventstack\extentreports\5.1.1\extentreports-5.1.1.jar;C:\Users\sr231\.m2\repo1\m3-3.9.6\io\reactivex\rxjava3\rxjava\3.1.6\rxjava-3.1.6.jar;C:\Users\sr231\.m2\repo1\m3-3.9.6\org\reactivestreams\reactive-streams\1.0.4\reactive-streams-1.0.4.jar;C:\Users\sr231\.m2\repo1\m3-3.9.6\org\freemarker\freemarker\2.3.32\freemarker-2.3.32.jar;C:\Users\sr231\.m2\repo1\m3-3.9.6\com\google\code\gson\gson\2.10.1\gson-2.10.1.jar;C:\Users\sr231\.m2\repo1\m3-3.9.6\org\apache\poi\poi-ooxml\5.2.5\poi-ooxml-5.2.5.jar;C:\Users\sr231\.m2\repo1\m3-3.9.6\org\apache\poi\poi-ooxml-lite\5.2.5\poi-ooxml-lite-5.2.5.jar;C:\Users\sr231\.m2\repo1\m3-3.9.6\org\apache\xmlbeans\xmlbeans\5.2.0\xmlbeans-5.2.0.jar;C:\Users\sr231\.m2\repo1\m3-3.9.6\org\apache\commons\commons-compress\1.25.0\commons-compress-1.25.0.jar;C:\Users\sr231\.m2\repo1\m3-3.9.6\com\github\virtuald\curvesapi\1.08\curvesapi-1.08.jar;C:\Users\sr231\.m2\repo1\m3-3.9.6\io\github\bonigarcia\webdrivermanager\5.9.1\webdrivermanager-5.9.1.jar;C:\Users\sr231\.m2\repo1\m3-3.9.6\com\github\docker-java\docker-java\3.3.6\docker-java-3.3.6.jar;C:\Users\sr231\.m2\repo1\m3-3.9.6\com\github\docker-java\docker-java-core\3.3.6\docker-java-core-3.3.6.jar;C:\Users\sr231\.m2\repo1\m3-3.9.6\com\github\docker-java\docker-java-api\3.3.6\docker-java-api-3.3.6.jar;C:\Users\sr231\.m2\repo1\m3-3.9.6\org\slf4j\jcl-over-slf4j\1.7.30\jcl-over-slf4j-1.7.30.jar;C:\Users\sr231\.m2\repo1\m3-3.9.6\com\github\docker-java\docker-java-transport-httpclient5\3.3.6\docker-java-transport-httpclient5-3.3.6.jar;C:\Users\sr231\.m2\repo1\m3-3.9.6\com\github\docker-java\docker-java-transport\3.3.6\docker-java-transport-3.3.6.jar;C:\Users\sr231\.m2\repo1\m3-3.9.6\net\java\dev\jna\jna\5.13.0\jna-5.13.0.jar;C:\Users\sr231\.m2\repo1\m3-3.9.6\org\brotli\dec\0.1.2\dec-0.1.2.jar;C:\Users\sr231\.m2\repo1\m3-3.9.6\org\apache\commons\commons-lang3\3.14.0\commons-lang3-3.14.0.jar;C:\Users\sr231\.m2\repo1\m3-3.9.6\org\apache\httpcomponents\client5\httpclient5\5.2.1\httpclient5-5.2.1.jar;C:\Users\sr231\.m2\repo1\m3-3.9.6\org\apache\httpcomponents\core5\httpcore5\5.2\httpcore5-5.2.jar;C:\Users\sr231\.m2\repo1\m3-3.9.6\org\apache\httpcomponents\core5\httpcore5-h2\5.2\httpcore5-h2-5.2.jar;C:\Users\sr231\.m2\repo1\m3-3.9.6\org\json\json\20240303\json-20240303.jar;C:\Users\sr231\.m2\repo1\m3-3.9.6\com\fasterxml\jackson\core\jackson-core\2.16.0\jackson-core-2.16.0.jar;C:\Users\sr231\.m2\repo1\m3-3.9.6\com\fasterxml\jackson\core\jackson-databind\2.16.0\jackson-databind-2.16.0.jar;C:\Users\sr231\.m2\repo1\m3-3.9.6\commons-io\commons-io\2.15.1\commons-io-2.15.1.jar;C:\Users\sr231\.m2\repo1\m3-3.9.6\com\fasterxml\jackson\core\jackson-annotations\2.16.0\jackson-annotations-2.16.0.jar;"/>
    <property name="java.vm.vendor" value="Eclipse Adoptium"/>
    <property name="sun.arch.data.model" value="64"/>
    <property name="user.variant" value=""/>
    <property name="java.vendor.url" value="https://adoptium.net/"/>
    <property name="user.timezone" value="Asia/Calcutta"/>
    <property name="java.vm.specification.version" value="11"/>
    <property name="os.name" value="Windows 11"/>
    <property name="sun.java.launcher" value="SUN_STANDARD"/>
    <property name="user.country" value="IN"/>
    <property name="sun.boot.library.path" value="C:\Program Files\Eclipse Adoptium\jdk-11.0.22.7-hotspot\bin"/>
    <property name="sun.java.command" value="C:\Users\sr231\AppData\Local\Temp\surefire11621095566657808825\surefirebooter-20250919125242047_3.jar C:\Users\sr231\AppData\Local\Temp\surefire11621095566657808825 2025-09-19T12-52-39_412-jvmRun1 surefire-20250919125242047_1tmp surefire_0-20250919125242047_2tmp"/>
    <property name="jdk.debug" value="release"/>
    <property name="surefire.test.class.path" value="C:\Users\sr231\eclipseWorkspace\eclipseWorkspace\SeleniumPracticeFramework\target\test-classes;C:\Users\sr231\eclipseWorkspace\eclipseWorkspace\SeleniumPracticeFramework\target\classes;C:\Users\sr231\.m2\repo1\m3-3.9.6\org\apache\maven\plugins\maven-install-plugin\2.4\maven-install-plugin-2.4.jar;C:\Users\sr231\.m2\repo1\m3-3.9.6\org\apache\maven\maven-plugin-api\2.0.6\maven-plugin-api-2.0.6.jar;C:\Users\sr231\.m2\repo1\m3-3.9.6\org\apache\maven\maven-project\2.0.6\maven-project-2.0.6.jar;C:\Users\sr231\.m2\repo1\m3-3.9.6\org\apache\maven\maven-settings\2.0.6\maven-settings-2.0.6.jar;C:\Users\sr231\.m2\repo1\m3-3.9.6\org\apache\maven\maven-profile\2.0.6\maven-profile-2.0.6.jar;C:\Users\sr231\.m2\repo1\m3-3.9.6\org\apache\maven\maven-plugin-registry\2.0.6\maven-plugin-registry-2.0.6.jar;C:\Users\sr231\.m2\repo1\m3-3.9.6\org\codehaus\plexus\plexus-container-default\1.0-alpha-9-stable-1\plexus-container-default-1.0-alpha-9-stable-1.jar;C:\Users\sr231\.m2\repo1\m3-3.9.6\junit\junit\3.8.1\junit-3.8.1.jar;C:\Users\sr231\.m2\repo1\m3-3.9.6\classworlds\classworlds\1.1-alpha-2\classworlds-1.1-alpha-2.jar;C:\Users\sr231\.m2\repo1\m3-3.9.6\org\apache\maven\maven-model\2.0.6\maven-model-2.0.6.jar;C:\Users\sr231\.m2\repo1\m3-3.9.6\org\apache\maven\maven-artifact-manager\2.0.6\maven-artifact-manager-2.0.6.jar;C:\Users\sr231\.m2\repo1\m3-3.9.6\org\apache\maven\maven-repository-metadata\2.0.6\maven-repository-metadata-2.0.6.jar;C:\Users\sr231\.m2\repo1\m3-3.9.6\org\apache\maven\wagon\wagon-provider-api\1.0-beta-2\wagon-provider-api-1.0-beta-2.jar;C:\Users\sr231\.m2\repo1\m3-3.9.6\org\apache\maven\maven-artifact\2.0.6\maven-artifact-2.0.6.jar;C:\Users\sr231\.m2\repo1\m3-3.9.6\org\codehaus\plexus\plexus-utils\3.0.5\plexus-utils-3.0.5.jar;C:\Users\sr231\.m2\repo1\m3-3.9.6\org\codehaus\plexus\plexus-digest\1.0\plexus-digest-1.0.jar;C:\Users\sr231\.m2\repo1\m3-3.9.6\org\apache\maven\plugins\maven-deploy-plugin\2.7\maven-deploy-plugin-2.7.jar;C:\Users\sr231\.m2\repo1\m3-3.9.6\org\projectlombok\lombok\1.18.32\lombok-1.18.32.jar;C:\Users\sr231\.m2\repo1\m3-3.9.6\org\seleniumhq\selenium\selenium-java\4.21.0\selenium-java-4.21.0.jar;C:\Users\sr231\.m2\repo1\m3-3.9.6\org\seleniumhq\selenium\selenium-api\4.21.0\selenium-api-4.21.0.jar;C:\Users\sr231\.m2\repo1\m3-3.9.6\org\seleniumhq\selenium\selenium-chrome-driver\4.21.0\selenium-chrome-driver-4.21.0.jar;C:\Users\sr231\.m2\repo1\m3-3.9.6\com\google\auto\service\auto-service-annotations\1.1.1\auto-service-annotations-1.1.1.jar;C:\Users\sr231\.m2\repo1\m3-3.9.6\org\seleniumhq\selenium\selenium-chromium-driver\4.21.0\selenium-chromium-driver-4.21.0.jar;C:\Users\sr231\.m2\repo1\m3-3.9.6\org\seleniumhq\selenium\selenium-json\4.21.0\selenium-json-4.21.0.jar;C:\Users\sr231\.m2\repo1\m3-3.9.6\org\seleniumhq\selenium\selenium-manager\4.21.0\selenium-manager-4.21.0.jar;C:\Users\sr231\.m2\repo1\m3-3.9.6\org\seleniumhq\selenium\selenium-devtools-v123\4.21.0\selenium-devtools-v123-4.21.0.jar;C:\Users\sr231\.m2\repo1\m3-3.9.6\org\seleniumhq\selenium\selenium-devtools-v124\4.21.0\selenium-devtools-v124-4.21.0.jar;C:\Users\sr231\.m2\repo1\m3-3.9.6\org\seleniumhq\selenium\selenium-devtools-v125\4.21.0\selenium-devtools-v125-4.21.0.jar;C:\Users\sr231\.m2\repo1\m3-3.9.6\org\seleniumhq\selenium\selenium-devtools-v85\4.21.0\selenium-devtools-v85-4.21.0.jar;C:\Users\sr231\.m2\repo1\m3-3.9.6\org\seleniumhq\selenium\selenium-edge-driver\4.21.0\selenium-edge-driver-4.21.0.jar;C:\Users\sr231\.m2\repo1\m3-3.9.6\org\seleniumhq\selenium\selenium-firefox-driver\4.21.0\selenium-firefox-driver-4.21.0.jar;C:\Users\sr231\.m2\repo1\m3-3.9.6\org\seleniumhq\selenium\selenium-http\4.21.0\selenium-http-4.21.0.jar;C:\Users\sr231\.m2\repo1\m3-3.9.6\dev\failsafe\failsafe\3.3.2\failsafe-3.3.2.jar;C:\Users\sr231\.m2\repo1\m3-3.9.6\org\seleniumhq\selenium\selenium-ie-driver\4.21.0\selenium-ie-driver-4.21.0.jar;C:\Users\sr231\.m2\repo1\m3-3.9.6\org\seleniumhq\selenium\selenium-remote-driver\4.21.0\selenium-remote-driver-4.21.0.jar;C:\Users\sr231\.m2\repo1\m3-3.9.6\com\google\guava\guava\33.2.0-jre\guava-33.2.0-jre.jar;C:\Users\sr231\.m2\repo1\m3-3.9.6\com\google\guava\failureaccess\1.0.2\failureaccess-1.0.2.jar;C:\Users\sr231\.m2\repo1\m3-3.9.6\com\google\guava\listenablefuture\9999.0-empty-to-avoid-conflict-with-guava\listenablefuture-9999.0-empty-to-avoid-conflict-with-guava.jar;C:\Users\sr231\.m2\repo1\m3-3.9.6\com\google\code\findbugs\jsr305\3.0.2\jsr305-3.0.2.jar;C:\Users\sr231\.m2\repo1\m3-3.9.6\org\checkerframework\checker-qual\3.42.0\checker-qual-3.42.0.jar;C:\Users\sr231\.m2\repo1\m3-3.9.6\com\google\errorprone\error_prone_annotations\2.26.1\error_prone_annotations-2.26.1.jar;C:\Users\sr231\.m2\repo1\m3-3.9.6\com\google\j2objc\j2objc-annotations\3.0.0\j2objc-annotations-3.0.0.jar;C:\Users\sr231\.m2\repo1\m3-3.9.6\io\opentelemetry\semconv\opentelemetry-semconv\1.25.0-alpha\opentelemetry-semconv-1.25.0-alpha.jar;C:\Users\sr231\.m2\repo1\m3-3.9.6\io\opentelemetry\opentelemetry-api\1.38.0\opentelemetry-api-1.38.0.jar;C:\Users\sr231\.m2\repo1\m3-3.9.6\io\opentelemetry\opentelemetry-context\1.38.0\opentelemetry-context-1.38.0.jar;C:\Users\sr231\.m2\repo1\m3-3.9.6\io\opentelemetry\opentelemetry-exporter-logging\1.38.0\opentelemetry-exporter-logging-1.38.0.jar;C:\Users\sr231\.m2\repo1\m3-3.9.6\io\opentelemetry\opentelemetry-sdk-common\1.38.0\opentelemetry-sdk-common-1.38.0.jar;C:\Users\sr231\.m2\repo1\m3-3.9.6\io\opentelemetry\opentelemetry-sdk-extension-autoconfigure-spi\1.38.0\opentelemetry-sdk-extension-autoconfigure-spi-1.38.0.jar;C:\Users\sr231\.m2\repo1\m3-3.9.6\io\opentelemetry\opentelemetry-sdk-extension-autoconfigure\1.38.0\opentelemetry-sdk-extension-autoconfigure-1.38.0.jar;C:\Users\sr231\.m2\repo1\m3-3.9.6\io\opentelemetry\opentelemetry-api-incubator\1.38.0-alpha\opentelemetry-api-incubator-1.38.0-alpha.jar;C:\Users\sr231\.m2\repo1\m3-3.9.6\io\opentelemetry\opentelemetry-sdk-trace\1.38.0\opentelemetry-sdk-trace-1.38.0.jar;C:\Users\sr231\.m2\repo1\m3-3.9.6\io\opentelemetry\opentelemetry-sdk\1.38.0\opentelemetry-sdk-1.38.0.jar;C:\Users\sr231\.m2\repo1\m3-3.9.6\io\opentelemetry\opentelemetry-sdk-metrics\1.38.0\opentelemetry-sdk-metrics-1.38.0.jar;C:\Users\sr231\.m2\repo1\m3-3.9.6\io\opentelemetry\opentelemetry-sdk-logs\1.38.0\opentelemetry-sdk-logs-1.38.0.jar;C:\Users\sr231\.m2\repo1\m3-3.9.6\net\bytebuddy\byte-buddy\1.14.15\byte-buddy-1.14.15.jar;C:\Users\sr231\.m2\repo1\m3-3.9.6\org\seleniumhq\selenium\selenium-os\4.21.0\selenium-os-4.21.0.jar;C:\Users\sr231\.m2\repo1\m3-3.9.6\org\apache\commons\commons-exec\1.4.0\commons-exec-1.4.0.jar;C:\Users\sr231\.m2\repo1\m3-3.9.6\org\seleniumhq\selenium\selenium-safari-driver\4.21.0\selenium-safari-driver-4.21.0.jar;C:\Users\sr231\.m2\repo1\m3-3.9.6\org\seleniumhq\selenium\selenium-support\4.21.0\selenium-support-4.21.0.jar;C:\Users\sr231\.m2\repo1\m3-3.9.6\org\testng\testng\7.9.0\testng-7.9.0.jar;C:\Users\sr231\.m2\repo1\m3-3.9.6\org\slf4j\slf4j-api\1.7.36\slf4j-api-1.7.36.jar;C:\Users\sr231\.m2\repo1\m3-3.9.6\com\beust\jcommander\1.82\jcommander-1.82.jar;C:\Users\sr231\.m2\repo1\m3-3.9.6\org\webjars\jquery\3.7.1\jquery-3.7.1.jar;C:\Users\sr231\.m2\repo1\m3-3.9.6\org\apache\poi\poi\5.2.2\poi-5.2.2.jar;C:\Users\sr231\.m2\repo1\m3-3.9.6\commons-codec\commons-codec\1.15\commons-codec-1.15.jar;C:\Users\sr231\.m2\repo1\m3-3.9.6\org\apache\commons\commons-collections4\4.4\commons-collections4-4.4.jar;C:\Users\sr231\.m2\repo1\m3-3.9.6\org\apache\commons\commons-math3\3.6.1\commons-math3-3.6.1.jar;C:\Users\sr231\.m2\repo1\m3-3.9.6\com\zaxxer\SparseBitSet\1.2\SparseBitSet-1.2.jar;C:\Users\sr231\.m2\repo1\m3-3.9.6\org\apache\logging\log4j\log4j-api\2.17.2\log4j-api-2.17.2.jar;C:\Users\sr231\.m2\repo1\m3-3.9.6\com\aventstack\extentreports\5.1.1\extentreports-5.1.1.jar;C:\Users\sr231\.m2\repo1\m3-3.9.6\io\reactivex\rxjava3\rxjava\3.1.6\rxjava-3.1.6.jar;C:\Users\sr231\.m2\repo1\m3-3.9.6\org\reactivestreams\reactive-streams\1.0.4\reactive-streams-1.0.4.jar;C:\Users\sr231\.m2\repo1\m3-3.9.6\org\freemarker\freemarker\2.3.32\freemarker-2.3.32.jar;C:\Users\sr231\.m2\repo1\m3-3.9.6\com\google\code\gson\gson\2.10.1\gson-2.10.1.jar;C:\Users\sr231\.m2\repo1\m3-3.9.6\org\apache\poi\poi-ooxml\5.2.5\poi-ooxml-5.2.5.jar;C:\Users\sr231\.m2\repo1\m3-3.9.6\org\apache\poi\poi-ooxml-lite\5.2.5\poi-ooxml-lite-5.2.5.jar;C:\Users\sr231\.m2\repo1\m3-3.9.6\org\apache\xmlbeans\xmlbeans\5.2.0\xmlbeans-5.2.0.jar;C:\Users\sr231\.m2\repo1\m3-3.9.6\org\apache\commons\commons-compress\1.25.0\commons-compress-1.25.0.jar;C:\Users\sr231\.m2\repo1\m3-3.9.6\com\github\virtuald\curvesapi\1.08\curvesapi-1.08.jar;C:\Users\sr231\.m2\repo1\m3-3.9.6\io\github\bonigarcia\webdrivermanager\5.9.1\webdrivermanager-5.9.1.jar;C:\Users\sr231\.m2\repo1\m3-3.9.6\com\github\docker-java\docker-java\3.3.6\docker-java-3.3.6.jar;C:\Users\sr231\.m2\repo1\m3-3.9.6\com\github\docker-java\docker-java-core\3.3.6\docker-java-core-3.3.6.jar;C:\Users\sr231\.m2\repo1\m3-3.9.6\com\github\docker-java\docker-java-api\3.3.6\docker-java-api-3.3.6.jar;C:\Users\sr231\.m2\repo1\m3-3.9.6\org\slf4j\jcl-over-slf4j\1.7.30\jcl-over-slf4j-1.7.30.jar;C:\Users\sr231\.m2\repo1\m3-3.9.6\com\github\docker-java\docker-java-transport-httpclient5\3.3.6\docker-java-transport-httpclient5-3.3.6.jar;C:\Users\sr231\.m2\repo1\m3-3.9.6\com\github\docker-java\docker-java-transport\3.3.6\docker-java-transport-3.3.6.jar;C:\Users\sr231\.m2\repo1\m3-3.9.6\net\java\dev\jna\jna\5.13.0\jna-5.13.0.jar;C:\Users\sr231\.m2\repo1\m3-3.9.6\org\brotli\dec\0.1.2\dec-0.1.2.jar;C:\Users\sr231\.m2\repo1\m3-3.9.6\org\apache\commons\commons-lang3\3.14.0\commons-lang3-3.14.0.jar;C:\Users\sr231\.m2\repo1\m3-3.9.6\org\apache\httpcomponents\client5\httpclient5\5.2.1\httpclient5-5.2.1.jar;C:\Users\sr231\.m2\repo1\m3-3.9.6\org\apache\httpcomponents\core5\httpcore5\5.2\httpcore5-5.2.jar;C:\Users\sr231\.m2\repo1\m3-3.9.6\org\apache\httpcomponents\core5\httpcore5-h2\5.2\httpcore5-h2-5.2.jar;C:\Users\sr231\.m2\repo1\m3-3.9.6\org\json\json\20240303\json-20240303.jar;C:\Users\sr231\.m2\repo1\m3-3.9.6\com\fasterxml\jackson\core\jackson-core\2.16.0\jackson-core-2.16.0.jar;C:\Users\sr231\.m2\repo1\m3-3.9.6\com\fasterxml\jackson\core\jackson-databind\2.16.0\jackson-databind-2.16.0.jar;C:\Users\sr231\.m2\repo1\m3-3.9.6\commons-io\commons-io\2.15.1\commons-io-2.15.1.jar;C:\Users\sr231\.m2\repo1\m3-3.9.6\com\fasterxml\jackson\core\jackson-annotations\2.16.0\jackson-annotations-2.16.0.jar;"/>
    <property name="sun.cpu.endian" value="little"/>
    <property name="user.home" value="C:\Users\sr231"/>
    <property name="user.language" value="en"/>
    <property name="java.specification.vendor" value="Oracle Corporation"/>
    <property name="java.version.date" value="2024-01-16"/>
    <property name="java.home" value="C:\Program Files\Eclipse Adoptium\jdk-11.0.22.7-hotspot"/>
    <property name="file.separator" value="\"/>
    <property name="basedir" value="C:\Users\sr231\eclipseWorkspace\eclipseWorkspace\SeleniumPracticeFramework"/>
    <property name="java.vm.compressedOopsMode" value="Zero based"/>
    <property name="line.separator" value="&#10;"/>
    <property name="java.specification.name" value="Java Platform API Specification"/>
    <property name="java.vm.specification.vendor" value="Oracle Corporation"/>
    <property name="java.awt.graphicsenv" value="sun.awt.Win32GraphicsEnvironment"/>
    <property name="surefire.real.class.path" value="C:\Users\sr231\AppData\Local\Temp\surefire11621095566657808825\surefirebooter-20250919125242047_3.jar"/>
    <property name="user.script" value=""/>
    <property name="sun.management.compiler" value="HotSpot 64-Bit Tiered Compilers"/>
    <property name="java.runtime.version" value="11.0.22+7"/>
    <property name="user.name" value="sr231"/>
    <property name="path.separator" value=";"/>
    <property name="os.version" value="10.0"/>
    <property name="java.runtime.name" value="OpenJDK Runtime Environment"/>
    <property name="file.encoding" value="Cp1252"/>
    <property name="java.vm.name" value="OpenJDK 64-Bit Server VM"/>
    <property name="java.vendor.version" value="Temurin-11.0.22+7"/>
    <property name="localRepository" value="C:\Users\sr231\.m2\repo1\m3-3.9.6"/>
    <property name="java.vendor.url.bug" value="https://github.com/adoptium/adoptium-support/issues"/>
    <property name="java.io.tmpdir" value="C:\Users\sr231\AppData\Local\Temp\"/>
    <property name="java.version" value="11.0.22"/>
    <property name="user.dir" value="C:\Users\sr231\eclipseWorkspace\eclipseWorkspace\SeleniumPracticeFramework"/>
    <property name="os.arch" value="amd64"/>
    <property name="java.vm.specification.name" value="Java Virtual Machine Specification"/>
    <property name="java.awt.printerjob" value="sun.awt.windows.WPrinterJob"/>
    <property name="sun.os.patch.level" value=""/>
    <property name="java.library.path" value="C:\Program Files\Eclipse Adoptium\jdk-11.0.22.7-hotspot\bin;C:\WINDOWS\Sun\Java\bin;C:\WINDOWS\system32;C:\WINDOWS;C:\Program Files\Eclipse Adoptium\jdk-11.0.22.7-hotspot\bin;C:\Program Files\Eclipse Adoptium\jdk-17.0.10.7-hotspot\bin;C:\WINDOWS\system32;C:\WINDOWS;C:\WINDOWS\System32\Wbem;C:\WINDOWS\System32\WindowsPowerShell\v1.0\;C:\WINDOWS\System32\OpenSSH\;C:\Windows\DES_Tools;C:\Program Files\Altiris\DAgent;C:\Program Files\dotnet\;C:\Program Files\AppSense\DataNow\Agent\;C:\Program Files\Git\cmd;C:\Program Files\GitHubDesktop\bin;C:\WINDOWS\system32;C:\WINDOWS;C:\WINDOWS\System32\Wbem;C:\WINDOWS\System32\WindowsPowerShell\v1.0\;C:\WINDOWS\System32\OpenSSH\;C:\Program Files (x86)\Plantronics\Spokes3G\;C:\Program Files\Maven\apache-maven-3.9.6\bin;C:\Users\sr231\AppData\Local\Microsoft\WindowsApps;."/>
    <property name="java.vm.info" value="mixed mode"/>
    <property name="java.vendor" value="Eclipse Adoptium"/>
    <property name="java.vm.version" value="11.0.22+7"/>
    <property name="java.specification.maintenance.version" value="2"/>
    <property name="sun.io.unicode.encoding" value="UnicodeLittle"/>
    <property name="java.class.version" value="55.0"/>
  </properties>
  <testcase name="runMain" classname="com.optum.rxcomet.runnerclass.RunTest" time="57.162">
    <system-out><![CDATA[[TestNG] INVOKING CONFIGURATION: "UNKNOWN" - @BeforeSuite com.optum.rxcomet.utils.BaseTest.reportSetup()
[TestNG] PASSED CONFIGURATION: "UNKNOWN" - @BeforeSuite com.optum.rxcomet.utils.BaseTest.reportSetup() finished in 241 ms
[TestNG] RUNNING: Suite: "Test" containing "0" Tests (config: null)
===== Invoked methods
=====
[TestNG] 
[TestNG] ===============================================
[TestNG]     Test
[TestNG]     Tests run: 0, Failures: 0, Skips: []
[TestNG] ===============================================

===============================================
    Test
    Tests run: 0, Failures: 0, Skips: 0
===============================================

[TestNG] RUNNING: Suite: "Sub test1" containing "1" Tests (config: null)
[TestNG] INVOKING CONFIGURATION: "Sub test1" - @BeforeClass com.optum.rxcomet.utils.BaseTest.setup(java.lang.String)(value(s): "HonorHealth_ImplementationDataExport")
[TestNG] PASSED CONFIGURATION: "Sub test1" - @BeforeClass com.optum.rxcomet.utils.BaseTest.setup(java.lang.String)(value(s): "HonorHealth_ImplementationDataExport") finished in 34771 ms
[TestNG] INVOKING: "Sub test1" - com.optum.rxcomet.tests.ImplementationTest.headerTest(java.lang.String,java.lang.String)(value(s): "HonorHealth", "HonorHealth_ImplementationDataExport")
Clicked on Employee SignIn
Clicked on Active Tag option
Entered search value as HonorHealth
Clicked on First result from search items
Client name validated as excel report.
Carrier ID validated against excel report.
Platform validated against excel report.
IPM validated against excel report.
Go Live Date validated as excel report.
[TestNG] PASSED: "Sub test1" - com.optum.rxcomet.tests.ImplementationTest.headerTest(java.lang.String,java.lang.String)(value(s): "HonorHealth", "HonorHealth_ImplementationDataExport") finished in 19314 ms
[TestNG] INVOKING CONFIGURATION: "Sub test1" - @AfterClass com.optum.rxcomet.utils.BaseTest.quitBrowser()
[TestNG] PASSED CONFIGURATION: "Sub test1" - @AfterClass com.optum.rxcomet.utils.BaseTest.quitBrowser() finished in 1906 ms
===== Invoked methods
    ImplementationTest.headerTest(java.lang.String,java.lang.String)[pri:0, instance:com.optum.rxcomet.tests.ImplementationTest@fd8294b]
=====
[TestNG] 
[TestNG] ===============================================
[TestNG]     Sub test1
[TestNG]     Tests run: 1, Failures: 0, Skips: []
[TestNG] ===============================================
PASSED: com.optum.rxcomet.tests.ImplementationTest.headerTest("HonorHealth", "HonorHealth_ImplementationDataExport")

===============================================
    Sub test1
    Tests run: 1, Failures: 0, Skips: 0
===============================================

[TestNG] INVOKING CONFIGURATION: "UNKNOWN" - @AfterSuite com.optum.rxcomet.utils.BaseTest.endReport()
[TestNG] PASSED CONFIGURATION: "UNKNOWN" - @AfterSuite com.optum.rxcomet.utils.BaseTest.endReport() finished in 355 ms

===============================================
Suite
Total tests run: 1, Passes: 1, Failures: 0, Skips: 0
===============================================

]]></system-out>
    <system-err><![CDATA[SLF4J: Failed to load class "org.slf4j.impl.StaticLoggerBinder".
SLF4J: Defaulting to no-operation (NOP) logger implementation
SLF4J: See http://www.slf4j.org/codes.html#StaticLoggerBinder for further details.
ERROR StatusLogger Log4j2 could not find a logging implementation. Please add log4j-core to the classpath. Using SimpleLogger to log to the console...
Sep 19, 2025 12:53:08 PM org.openqa.selenium.devtools.CdpVersionFinder findNearestMatch
WARNING: Unable to find CDP implementation matching 140
Sep 19, 2025 12:53:08 PM org.openqa.selenium.chromium.ChromiumDriver lambda$new$5
WARNING: Unable to find version of CDP to use for 140.0.7339.128. You may need to include a dependency on a specific version of the CDP using something similar to `org.seleniumhq.selenium:selenium-devtools-v86:4.21.0` where the version ("v86") matches the version of the chromium-based browser you're using and the version number of the artifact is the same as Selenium's.
]]></system-err>
  </testcase>
</testsuite>