<?xml version="1.0" encoding="UTF-8"?>
<!-- Generated by org.testng.reporters.JUnitReportReporter -->
<testsuite hostname="LHTU05CG4430ZXJ" failures="0" tests="1" name="com.optum.rxcomet.tests.ImplementationTest" time="19.314" errors="0" timestamp="2025-09-19T12:53:40 IST" skipped="0">
  <testcase classname="com.optum.rxcomet.tests.ImplementationTest" name="headerTest" time="19.314"/>
</testsuite> <!-- com.optum.rxcomet.tests.ImplementationTest -->
