<?xml version="1.0" encoding="UTF-8"?>
<!-- Generated by org.testng.reporters.JUnitReportReporter -->
<testsuite hostname="DESKTOP-2EVCC66" failures="0" tests="1" name="com.optum.rxcomet.runnerclass.RunTest" time="200.921" errors="0" timestamp="2025-10-03T16:02:27 IST" skipped="0">
  <testcase classname="com.optum.rxcomet.runnerclass.RunTest" name="runMain" time="200.921"/>
</testsuite> <!-- com.optum.rxcomet.runnerclass.RunTest -->
