<?xml version="1.0" encoding="UTF-8"?>
<!-- Generated by org.testng.reporters.JUnitReportReporter -->
<testsuite hostname="LHTU05CG4430ZXJ" failures="0" tests="1" name="com.optum.rxcomet.runnerclass.RunTest" time="57.162" errors="0" timestamp="2025-09-19T12:53:40 IST" skipped="0">
  <testcase classname="com.optum.rxcomet.runnerclass.RunTest" name="runMain" time="57.162"/>
</testsuite> <!-- com.optum.rxcomet.runnerclass.RunTest -->
